This is pdfTeX, Version 3.141592653-2.6-1.40.24 (TeX Live 2022) (preloaded format=pdflatex 2022.9.14)  18 FEB 2024 02:08
entering extended mode
 restricted \write18 enabled.
 file:line:error style messages enabled.
 %&-line parsing enabled.
**"c:/Martin's file/大学/zuoye/大三下/184 computer graphics/hw-webpages-sp24-0-0-00-0/hw1/hw1writeup.tex"
(c:/Martin's file/大学/zuoye/大三下/184 computer graphics/hw-webpages-sp24-0-0-00-0/hw1/hw1writeup.tex
LaTeX2e <2021-11-15> patch level 1
L3 programming layer <2022-02-24> (c:/texlive/2022/texmf-dist/tex/latex/base/article.cls
Document Class: article 2021/10/04 v1.4n Standard LaTeX document class
(c:/texlive/2022/texmf-dist/tex/latex/base/size11.clo
File: size11.clo 2021/10/04 v1.4n Standard LaTeX file (size option)
)
\c@part=\count185
\c@section=\count186
\c@subsection=\count187
\c@subsubsection=\count188
\c@paragraph=\count189
\c@subparagraph=\count190
\c@figure=\count191
\c@table=\count192
\abovecaptionskip=\skip47
\belowcaptionskip=\skip48
\bibindent=\dimen138
) (c:/texlive/2022/texmf-dist/tex/latex/amsmath/amsmath.sty
Package: amsmath 2021/10/15 v2.17l AMS math features
\@mathmargin=\skip49

For additional information on amsmath, use the `?' option.
(c:/texlive/2022/texmf-dist/tex/latex/amsmath/amstext.sty
Package: amstext 2021/08/26 v2.01 AMS text
 (c:/texlive/2022/texmf-dist/tex/latex/amsmath/amsgen.sty
File: amsgen.sty 1999/11/30 v2.0 generic functions
\@emptytoks=\toks16
\ex@=\dimen139
)) (c:/texlive/2022/texmf-dist/tex/latex/amsmath/amsbsy.sty
Package: amsbsy 1999/11/29 v1.2d Bold Symbols
\pmbraise@=\dimen140
) (c:/texlive/2022/texmf-dist/tex/latex/amsmath/amsopn.sty
Package: amsopn 2021/08/26 v2.02 operator names
)
\inf@bad=\count193
LaTeX Info: Redefining \frac on input line 234.
\uproot@=\count194
\leftroot@=\count195
LaTeX Info: Redefining \overline on input line 399.
\classnum@=\count196
\DOTSCASE@=\count197
LaTeX Info: Redefining \ldots on input line 496.
LaTeX Info: Redefining \dots on input line 499.
LaTeX Info: Redefining \cdots on input line 620.
\Mathstrutbox@=\box50
\strutbox@=\box51
\big@size=\dimen141
LaTeX Font Info:    Redeclaring font encoding OML on input line 743.
LaTeX Font Info:    Redeclaring font encoding OMS on input line 744.
\macc@depth=\count198
\c@MaxMatrixCols=\count199
\dotsspace@=\muskip16
\c@parentequation=\count266
\dspbrk@lvl=\count267
\tag@help=\toks17
\row@=\count268
\column@=\count269
\maxfields@=\count270
\andhelp@=\toks18
\eqnshift@=\dimen142
\alignsep@=\dimen143
\tagshift@=\dimen144
\tagwidth@=\dimen145
\totwidth@=\dimen146
\lineht@=\dimen147
\@envbody=\toks19
\multlinegap=\skip50
\multlinetaggap=\skip51
\mathdisplay@stack=\toks20
LaTeX Info: Redefining \[ on input line 2938.
LaTeX Info: Redefining \] on input line 2939.
) (c:/texlive/2022/texmf-dist/tex/latex/base/textcomp.sty
Package: textcomp 2020/02/02 v2.0n Standard LaTeX package
) (c:/texlive/2022/texmf-dist/tex/latex/amsfonts/amssymb.sty
Package: amssymb 2013/01/14 v3.01 AMS font symbols
 (c:/texlive/2022/texmf-dist/tex/latex/amsfonts/amsfonts.sty
Package: amsfonts 2013/01/14 v3.01 Basic AMSFonts support
\symAMSa=\mathgroup4
\symAMSb=\mathgroup5
LaTeX Font Info:    Redeclaring math symbol \hbar on input line 98.
LaTeX Font Info:    Overwriting math alphabet `\mathfrak' in version `bold'
(Font)                  U/euf/m/n --> U/euf/b/n on input line 106.
)) (c:/texlive/2022/texmf-dist/tex/latex/geometry/geometry.sty
Package: geometry 2020/01/02 v5.9 Page Geometry
 (c:/texlive/2022/texmf-dist/tex/latex/graphics/keyval.sty
Package: keyval 2014/10/28 v1.15 key=value parser (DPC)
\KV@toks@=\toks21
) (c:/texlive/2022/texmf-dist/tex/generic/iftex/ifvtex.sty
Package: ifvtex 2019/10/25 v1.7 ifvtex legacy package. Use iftex instead.
 (c:/texlive/2022/texmf-dist/tex/generic/iftex/iftex.sty
Package: iftex 2022/02/03 v1.0f TeX engine tests
))
\Gm@cnth=\count271
\Gm@cntv=\count272
\c@Gm@tempcnt=\count273
\Gm@bindingoffset=\dimen148
\Gm@wd@mp=\dimen149
\Gm@odd@mp=\dimen150
\Gm@even@mp=\dimen151
\Gm@layoutwidth=\dimen152
\Gm@layoutheight=\dimen153
\Gm@layouthoffset=\dimen154
\Gm@layoutvoffset=\dimen155
\Gm@dimlist=\toks22
) (c:/texlive/2022/texmf-dist/tex/latex/graphics/graphicx.sty
Package: graphicx 2021/09/16 v1.2d Enhanced LaTeX Graphics (DPC,SPQR)
 (c:/texlive/2022/texmf-dist/tex/latex/graphics/graphics.sty
Package: graphics 2021/03/04 v1.4d Standard LaTeX Graphics (DPC,SPQR)
 (c:/texlive/2022/texmf-dist/tex/latex/graphics/trig.sty
Package: trig 2021/08/11 v1.11 sin cos tan (DPC)
) (c:/texlive/2022/texmf-dist/tex/latex/graphics-cfg/graphics.cfg
File: graphics.cfg 2016/06/04 v1.11 sample graphics configuration
)
Package graphics Info: Driver file: pdftex.def on input line 107.
 (c:/texlive/2022/texmf-dist/tex/latex/graphics-def/pdftex.def
File: pdftex.def 2020/10/05 v1.2a Graphics/color driver for pdftex
))
\Gin@req@height=\dimen156
\Gin@req@width=\dimen157
) (c:/texlive/2022/texmf-dist/tex/latex/tools/enumerate.sty
Package: enumerate 2015/07/23 v3.00 enumerate extensions (DPC)
\@enLab=\toks23
) (c:/texlive/2022/texmf-dist/tex/latex/listings/listings.sty
\lst@mode=\count274
\lst@gtempboxa=\box52
\lst@token=\toks24
\lst@length=\count275
\lst@currlwidth=\dimen158
\lst@column=\count276
\lst@pos=\count277
\lst@lostspace=\dimen159
\lst@width=\dimen160
\lst@newlines=\count278
\lst@lineno=\count279
\lst@maxwidth=\dimen161
 (c:/texlive/2022/texmf-dist/tex/latex/listings/lstmisc.sty
File: lstmisc.sty 2020/03/24 1.8d (Carsten Heinz)
\c@lstnumber=\count280
\lst@skipnumbers=\count281
\lst@framebox=\box53
) (c:/texlive/2022/texmf-dist/tex/latex/listings/listings.cfg
File: listings.cfg 2020/03/24 1.8d listings configuration
))
Package: listings 2020/03/24 1.8d (Carsten Heinz)
 (c:/texlive/2022/texmf-dist/tex/latex/subfigure/subfigure.sty
Package: subfigure 2002/03/15 v2.1.5 subfigure package
\subfigtopskip=\skip52
\subfigcapskip=\skip53
\subfigcaptopadj=\dimen162
\subfigbottomskip=\skip54
\subfigcapmargin=\dimen163
\subfiglabelskip=\skip55
\c@subfigure=\count282
\c@lofdepth=\count283
\c@subtable=\count284
\c@lotdepth=\count285

****************************************
* Local config file subfigure.cfg used *
****************************************
(c:/texlive/2022/texmf-dist/tex/latex/subfigure/subfigure.cfg)
\subfig@top=\skip56
\subfig@bottom=\skip57
) (c:/texlive/2022/texmf-dist/tex/latex/l3backend/l3backend-pdftex.def
File: l3backend-pdftex.def 2022-02-07 L3 backend support: PDF output (pdfTeX)
\l__color_backend_stack_int=\count286
\l__pdf_internal_box=\box54
) (./hw1writeup.aux)
\openout1 = `hw1writeup.aux'.

LaTeX Font Info:    Checking defaults for OML/cmm/m/it on input line 20.
LaTeX Font Info:    ... okay on input line 20.
LaTeX Font Info:    Checking defaults for OMS/cmsy/m/n on input line 20.
LaTeX Font Info:    ... okay on input line 20.
LaTeX Font Info:    Checking defaults for OT1/cmr/m/n on input line 20.
LaTeX Font Info:    ... okay on input line 20.
LaTeX Font Info:    Checking defaults for T1/cmr/m/n on input line 20.
LaTeX Font Info:    ... okay on input line 20.
LaTeX Font Info:    Checking defaults for TS1/cmr/m/n on input line 20.
LaTeX Font Info:    ... okay on input line 20.
LaTeX Font Info:    Checking defaults for OMX/cmex/m/n on input line 20.
LaTeX Font Info:    ... okay on input line 20.
LaTeX Font Info:    Checking defaults for U/cmr/m/n on input line 20.
LaTeX Font Info:    ... okay on input line 20.

*geometry* driver: auto-detecting
*geometry* detected driver: pdftex
*geometry* verbose mode - [ preamble ] result:
* driver: pdftex
* paper: <default>
* layout: <same size as paper>
* layoutoffset:(h,v)=(0.0pt,0.0pt)
* modes: 
* h-part:(L,W,R)=(92.14519pt, 430.00462pt, 92.14519pt)
* v-part:(T,H,B)=(95.39737pt, 556.47656pt, 143.09605pt)
* \paperwidth=614.295pt
* \paperheight=794.96999pt
* \textwidth=469.75499pt
* \textheight=650.43pt
* \oddsidemargin=18.06749pt
* \evensidemargin=18.06749pt
* \topmargin=-54.2025pt
* \headheight=12.0pt
* \headsep=25.0pt
* \topskip=11.0pt
* \footskip=30.0pt
* \marginparwidth=59.0pt
* \marginparsep=10.0pt
* \columnsep=10.0pt
* \skip\footins=10.0pt plus 4.0pt minus 2.0pt
* \hoffset=0.0pt
* \voffset=0.0pt
* \mag=1000
* \@twocolumnfalse
* \@twosidefalse
* \@mparswitchfalse
* \@reversemarginfalse
* (1in=72.27pt=25.4mm, 1cm=28.453pt)

(c:/texlive/2022/texmf-dist/tex/context/base/mkii/supp-pdf.mkii
[Loading MPS to PDF converter (version 2006.09.02).]
\scratchcounter=\count287
\scratchdimen=\dimen164
\scratchbox=\box55
\nofMPsegments=\count288
\nofMParguments=\count289
\everyMPshowfont=\toks25
\MPscratchCnt=\count290
\MPscratchDim=\dimen165
\MPnumerator=\count291
\makeMPintoPDFobject=\count292
\everyMPtoPDFconversion=\toks26
) (c:/texlive/2022/texmf-dist/tex/latex/epstopdf-pkg/epstopdf-base.sty
Package: epstopdf-base 2020-01-24 v2.11 Base part for package epstopdf
Package epstopdf-base Info: Redefining graphics rule for `.eps' on input line 485.
 (c:/texlive/2022/texmf-dist/tex/latex/latexconfig/epstopdf-sys.cfg
File: epstopdf-sys.cfg 2010/07/13 v1.3 Configuration of (r)epstopdf for TeX Live
))
\c@lstlisting=\count293
LaTeX Font Info:    Trying to load font information for U+msa on input line 21.
 (c:/texlive/2022/texmf-dist/tex/latex/amsfonts/umsa.fd
File: umsa.fd 2013/01/14 v3.01 AMS symbols A
)
LaTeX Font Info:    Trying to load font information for U+msb on input line 21.
 (c:/texlive/2022/texmf-dist/tex/latex/amsfonts/umsb.fd
File: umsb.fd 2013/01/14 v3.01 AMS symbols B
)
Underfull \hbox (badness 10000) in paragraph at lines 36--37

 []

<screenshot_2-15_3-21-33.png, id=1, 803.0pt x 602.25pt>
File: screenshot_2-15_3-21-33.png Graphic file (type png)
<use screenshot_2-15_3-21-33.png>
Package pdftex.def Info: screenshot_2-15_3-21-33.png  used on input line 38.
(pdftex.def)             Requested size: 200.0pt x 150.00156pt.
[1

{c:/texlive/2022/texmf-var/fonts/map/pdftex/updmap/pdftex.map}]
Overfull \hbox (0.60371pt too wide) in paragraph at lines 42--42
[][]\OT1/cmtt/m/n/10.95 sample_buffer[(y * width + x) * sample_rate + j * r + i][]\OT1/cmr/m/n/10.95 , where [][]\OT1/cmtt/m/n/10.95 r=sqrt(sample_rate)[]\OT1/cmr/m/n/10.95 .
 []

File: screenshot_2-15_3-21-33.png Graphic file (type png)
<use screenshot_2-15_3-21-33.png>
Package pdftex.def Info: screenshot_2-15_3-21-33.png  used on input line 46.
(pdftex.def)             Requested size: 150.0pt x 112.49887pt.
<screenshot_2-15_3-21-41.png, id=15, 803.0pt x 602.25pt>
File: screenshot_2-15_3-21-41.png Graphic file (type png)
<use screenshot_2-15_3-21-41.png>
Package pdftex.def Info: screenshot_2-15_3-21-41.png  used on input line 47.
(pdftex.def)             Requested size: 150.0pt x 112.49887pt.
<screenshot_2-15_3-21-51.png, id=16, 803.0pt x 602.25pt>
File: screenshot_2-15_3-21-51.png Graphic file (type png)
<use screenshot_2-15_3-21-51.png>
Package pdftex.def Info: screenshot_2-15_3-21-51.png  used on input line 48.
(pdftex.def)             Requested size: 150.0pt x 112.49887pt.
[2 <./screenshot_2-15_3-21-33.png> <./screenshot_2-15_3-21-41.png> <./screenshot_2-15_3-21-51.png>]
<screenshot_2-15_23-15-23.png, id=23, 803.0pt x 602.25pt>
File: screenshot_2-15_23-15-23.png Graphic file (type png)
<use screenshot_2-15_23-15-23.png>
Package pdftex.def Info: screenshot_2-15_23-15-23.png  used on input line 53.
(pdftex.def)             Requested size: 250.0pt x 187.49506pt.

Underfull \hbox (badness 10000) in paragraph at lines 54--55

 []


Overfull \hbox (7.3861pt too wide) in paragraph at lines 57--57
[]    \OT1/cmtt/m/n/10.95 translate(width*.5, height*.5) * rotate(deg) * translate(width*-.5, height*-.5)[] 
 []


Underfull \hbox (badness 10000) in paragraph at lines 57--58

 []

<screenshot_2-16_0-19-39.png, id=24, 803.0pt x 602.25pt>
File: screenshot_2-16_0-19-39.png Graphic file (type png)
<use screenshot_2-16_0-19-39.png>
Package pdftex.def Info: screenshot_2-16_0-19-39.png  used on input line 59.
(pdftex.def)             Requested size: 250.0pt x 187.49506pt.
[3 <./screenshot_2-15_23-15-23.png> <./screenshot_2-16_0-19-39.png>]
<屏幕截图 2024-02-17 002417.png, id=31, 721.69624pt x 549.55313pt>
File: 屏幕截图 2024-02-17 002417.png Graphic file (type png)
<use 屏幕截图 2024-02-17 002417.png>
Package pdftex.def Info: 屏幕截图 2024-02-17 002417.png  used on input line 64.
(pdftex.def)             Requested size: 250.0pt x 190.3675pt.
<screenshot_2-16_0-31-23.png, id=33, 803.0pt x 602.25pt>
File: screenshot_2-16_0-31-23.png Graphic file (type png)
<use screenshot_2-16_0-31-23.png>
Package pdftex.def Info: screenshot_2-16_0-31-23.png  used on input line 68.
(pdftex.def)             Requested size: 250.0pt x 187.49506pt.
 [4 <./屏幕截图 2024-02-17 002417.png> <./screenshot_2-16_0-31-23.png (PNG copy)>]
<screenshot_2-17_21-59-6.png, id=39, 803.0pt x 602.25pt>
File: screenshot_2-17_21-59-6.png Graphic file (type png)
<use screenshot_2-17_21-59-6.png>
Package pdftex.def Info: screenshot_2-17_21-59-6.png  used on input line 82.
(pdftex.def)             Requested size: 160.0pt x 119.99757pt.
<screenshot_2-17_21-59-26.png, id=40, 803.0pt x 602.25pt>
File: screenshot_2-17_21-59-26.png Graphic file (type png)
<use screenshot_2-17_21-59-26.png>
Package pdftex.def Info: screenshot_2-17_21-59-26.png  used on input line 85.
(pdftex.def)             Requested size: 160.0pt x 119.99757pt.
<screenshot_2-17_21-59-16.png, id=41, 803.0pt x 602.25pt>
File: screenshot_2-17_21-59-16.png Graphic file (type png)
<use screenshot_2-17_21-59-16.png>
Package pdftex.def Info: screenshot_2-17_21-59-16.png  used on input line 91.
(pdftex.def)             Requested size: 160.0pt x 119.99757pt.
<screenshot_2-17_21-59-32.png, id=42, 803.0pt x 602.25pt>
File: screenshot_2-17_21-59-32.png Graphic file (type png)
<use screenshot_2-17_21-59-32.png>
Package pdftex.def Info: screenshot_2-17_21-59-32.png  used on input line 94.
(pdftex.def)             Requested size: 160.0pt x 119.99757pt.
 [5 <./screenshot_2-17_21-59-6.png (PNG copy)> <./screenshot_2-17_21-59-26.png (PNG copy)> <./screenshot_2-17_21-59-16.png (PNG copy)> <./screenshot_2-17_21-59-32.png (PNG copy)>]
Underfull \hbox (badness 10000) in paragraph at lines 102--103

 []

<screenshot_2-16_21-23-19.png, id=46, 847.165pt x 687.56876pt>
File: screenshot_2-16_21-23-19.png Graphic file (type png)
<use screenshot_2-16_21-23-19.png>
Package pdftex.def Info: screenshot_2-16_21-23-19.png  used on input line 114.
(pdftex.def)             Requested size: 190.0pt x 154.20319pt.
<screenshot_2-16_21-23-29.png, id=47, 847.165pt x 687.56876pt>
File: screenshot_2-16_21-23-29.png Graphic file (type png)
<use screenshot_2-16_21-23-29.png>
Package pdftex.def Info: screenshot_2-16_21-23-29.png  used on input line 117.
(pdftex.def)             Requested size: 190.0pt x 154.20319pt.
<screenshot_2-16_21-23-40.png, id=48, 847.165pt x 687.56876pt>
File: screenshot_2-16_21-23-40.png Graphic file (type png)
<use screenshot_2-16_21-23-40.png>
Package pdftex.def Info: screenshot_2-16_21-23-40.png  used on input line 123.
(pdftex.def)             Requested size: 190.0pt x 154.20319pt.
<screenshot_2-16_21-23-45.png, id=49, 847.165pt x 687.56876pt>
File: screenshot_2-16_21-23-45.png Graphic file (type png)
<use screenshot_2-16_21-23-45.png>
Package pdftex.def Info: screenshot_2-16_21-23-45.png  used on input line 126.
(pdftex.def)             Requested size: 190.0pt x 154.20319pt.
[6 <./screenshot_2-16_21-23-19.png (PNG copy)> <./screenshot_2-16_21-23-29.png (PNG copy)>]
<screenshot_2-17_23-25-22.png, id=57, 803.0pt x 602.25pt>
File: screenshot_2-17_23-25-22.png Graphic file (type png)
<use screenshot_2-17_23-25-22.png>
Package pdftex.def Info: screenshot_2-17_23-25-22.png  used on input line 149.
(pdftex.def)             Requested size: 190.0pt x 142.49367pt.
<screenshot_2-17_23-25-28.png, id=58, 803.0pt x 602.25pt>
File: screenshot_2-17_23-25-28.png Graphic file (type png)
<use screenshot_2-17_23-25-28.png>
Package pdftex.def Info: screenshot_2-17_23-25-28.png  used on input line 152.
(pdftex.def)             Requested size: 190.0pt x 142.49367pt.
 [7 <./screenshot_2-16_21-23-40.png (PNG copy)> <./screenshot_2-16_21-23-45.png (PNG copy)> <./screenshot_2-17_23-25-22.png (PNG copy)> <./screenshot_2-17_23-25-28.png (PNG copy)>] (./hw1writeup.aux) ) 
Here is how much of TeX's memory you used:
 4815 strings out of 478268
 73348 string characters out of 5850345
 367673 words of memory out of 5000000
 22969 multiletter control sequences out of 15000+600000
 477838 words of font info for 60 fonts, out of 8000000 for 9000
 1141 hyphenation exceptions out of 8191
 55i,8n,62p,849b,261s stack positions out of 10000i,1000n,20000p,200000b,200000s
<c:/texlive/2022/texmf-dist/fonts/type1/public/amsfonts/cm/cmbx10.pfb><c:/texlive/2022/texmf-dist/fonts/type1/public/amsfonts/cm/cmbx12.pfb><c:/texlive/2022/texmf-dist/fonts/type1/public/amsfonts/cm/cmex10.pfb><c:/texlive/2022/texmf-dist/fonts/type1/public/amsfonts/cm/cmmi10.pfb><c:/texlive/2022/texmf-dist/fonts/type1/public/amsfonts/cm/cmmi8.pfb><c:/texlive/2022/texmf-dist/fonts/type1/public/amsfonts/cm/cmr10.pfb><c:/texlive/2022/texmf-dist/fonts/type1/public/amsfonts/cm/cmr12.pfb><c:/texlive/2022/texmf-dist/fonts/type1/public/amsfonts/cm/cmr17.pfb><c:/texlive/2022/texmf-dist/fonts/type1/public/amsfonts/cm/cmr6.pfb><c:/texlive/2022/texmf-dist/fonts/type1/public/amsfonts/cm/cmr8.pfb><c:/texlive/2022/texmf-dist/fonts/type1/public/amsfonts/cm/cmsy10.pfb><c:/texlive/2022/texmf-dist/fonts/type1/public/amsfonts/cm/cmsy8.pfb><c:/texlive/2022/texmf-dist/fonts/type1/public/amsfonts/cm/cmti10.pfb><c:/texlive/2022/texmf-dist/fonts/type1/public/amsfonts/cm/cmtt10.pfb>
Output written on hw1writeup.pdf (7 pages, 2855731 bytes).
PDF statistics:
 122 PDF objects out of 1000 (max. 8388607)
 61 compressed objects within 1 object stream
 0 named destinations out of 1000 (max. 500000)
 86 words of extra memory for PDF output out of 10000 (max. 10000000)

